<?xml version="1.0" encoding="UTF-8"?>
<testng-results ignored="0" total="2" passed="2" failed="0" skipped="0">
  <reporter-output>
  </reporter-output>
  <suite started-at="2022-07-18T11:15:14Z" name="Suite" finished-at="2022-07-18T11:15:14Z" duration-ms="41">
    <groups>
    </groups>
    <test started-at="2022-07-18T11:15:14Z" name="Test" finished-at="2022-07-18T11:15:14Z" duration-ms="41">
      <class name="practicetestNG.Practice_1">
        <test-method signature="test()[pri:0, instance:practicetestNG.Practice_1@3f91b517]" started-at="2022-07-18T11:15:14Z" name="test" finished-at="2022-07-18T11:15:14Z" duration-ms="12" status="PASS">
          <reporter-output>
          </reporter-output>
        </test-method> <!-- test -->
      </class> <!-- practicetestNG.Practice_1 -->
      <class name="practicetestNG.PracticeTest_2">
        <test-method signature="test()[pri:0, instance:practicetestNG.PracticeTest_2@68702e03]" started-at="2022-07-18T11:15:14Z" name="test" finished-at="2022-07-18T11:15:14Z" duration-ms="2" status="PASS">
          <reporter-output>
          </reporter-output>
        </test-method> <!-- test -->
      </class> <!-- practicetestNG.PracticeTest_2 -->
    </test> <!-- Test -->
  </suite> <!-- Suite -->
</testng-results>
